# JRE version: 7.0_13-b20
# Java VM: Java HotSpot(TM) 64-Bit Server VM (23.7-b01 mixed mode windows-amd64 compressed oops)
Heap
 PSYoungGen      total 46912K, used 0K [0x00000000eb560000, 0x00000000eed40000, 0x0000000100000000)
  eden space 46848K, 0% used [0x00000000eb560000,0x00000000eb5600c8,0x00000000ee320000)
  from space 64K, 0% used [0x00000000ee320000,0x00000000ee320000,0x00000000ee330000)
  to   space 5056K, 0% used [0x00000000ee850000,0x00000000ee850000,0x00000000eed40000)
 ParOldGen       total 677248K, used 15333K [0x00000000c2000000, 0x00000000eb560000, 0x00000000eb560000)
  object space 677248K, 2% used [0x00000000c2000000,0x00000000c2ef9538,0x00000000eb560000)
 PSPermGen       total 83968K, used 83965K [0x00000000bce00000, 0x00000000c2000000, 0x00000000c2000000)
  object space 83968K, 99% used [0x00000000bce00000,0x00000000c1fff7f0,0x00000000c2000000)
GC Heap History (10 events):
Event: 1745.761 GC heap before
{Heap before GC invocations=62 (full 25):
 PSYoungGen      total 46784K, used 96K [0x00000000eb560000, 0x00000000eee60000, 0x0000000100000000)
  eden space 46656K, 0% used [0x00000000eb560000,0x00000000eb560000,0x00000000ee2f0000)
  from space 128K, 75% used [0x00000000ee2f0000,0x00000000ee308000,0x00000000ee310000)
  to   space 5760K, 0% used [0x00000000ee8c0000,0x00000000ee8c0000,0x00000000eee60000)
 ParOldGen       total 677248K, used 15362K [0x00000000c2000000, 0x00000000eb560000, 0x00000000eb560000)
  object space 677248K, 2% used [0x00000000c2000000,0x00000000c2f00908,0x00000000eb560000)
 PSPermGen       total 83968K, used 83967K [0x00000000bce00000, 0x00000000c2000000, 0x00000000c2000000)
  object space 83968K, 99% used [0x00000000bce00000,0x00000000c1ffffd0,0x00000000c2000000)
Event: 1745.874 GC heap after
Heap after GC invocations=62 (full 25):
 PSYoungGen      total 46784K, used 0K [0x00000000eb560000, 0x00000000eee60000, 0x0000000100000000)
  eden space 46656K, 0% used [0x00000000eb560000,0x00000000eb560000,0x00000000ee2f0000)
  from space 128K, 0% used [0x00000000ee2f0000,0x00000000ee2f0000,0x00000000ee310000)
  to   space 5760K, 0% used [0x00000000ee8c0000,0x00000000ee8c0000,0x00000000eee60000)
 ParOldGen       total 677248K, used 15352K [0x00000000c2000000, 0x00000000eb560000, 0x00000000eb560000)
  object space 677248K, 2% used [0x00000000c2000000,0x00000000c2efe360,0x00000000eb560000)
 PSPermGen       total 83968K, used 83956K [0x00000000bce00000, 0x00000000c2000000, 0x00000000c2000000)
  object space 83968K, 99% used [0x00000000bce00000,0x00000000c1ffd0c0,0x00000000c2000000)
}
Event: 1754.427 GC heap before
{Heap before GC invocations=63 (full 25):
 PSYoungGen      total 46784K, used 930K [0x00000000eb560000, 0x00000000eee60000, 0x0000000100000000)
  eden space 46656K, 1% used [0x00000000eb560000,0x00000000eb648a38,0x00000000ee2f0000)
  from space 128K, 0% used [0x00000000ee2f0000,0x00000000ee2f0000,0x00000000ee310000)
  to   space 5760K, 0% used [0x00000000ee8c0000,0x00000000ee8c0000,0x00000000eee60000)
 ParOldGen       total 677248K, used 15352K [0x00000000c2000000, 0x00000000eb560000, 0x00000000eb560000)
  object space 677248K, 2% used [0x00000000c2000000,0x00000000c2efe360,0x00000000eb560000)
 PSPermGen       total 83968K, used 83966K [0x00000000bce00000, 0x00000000c2000000, 0x00000000c2000000)
  object space 83968K, 99% used [0x00000000bce00000,0x00000000c1fff810,0x00000000c2000000)
Event: 1754.438 GC heap after
Heap after GC invocations=63 (full 25):
 PSYoungGen      total 51968K, used 32K [0x00000000eb560000, 0x00000000eedc0000, 0x0000000100000000)
  eden space 46848K, 0% used [0x00000000eb560000,0x00000000eb560000,0x00000000ee320000)
  from space 5120K, 0% used [0x00000000ee8c0000,0x00000000ee8c8000,0x00000000eedc0000)
  to   space 5440K, 0% used [0x00000000ee320000,0x00000000ee320000,0x00000000ee870000)
 ParOldGen       total 677248K, used 15352K [0x00000000c2000000, 0x00000000eb560000, 0x00000000eb560000)
  object space 677248K, 2% used [0x00000000c2000000,0x00000000c2efe360,0x00000000eb560000)
 PSPermGen       total 83968K, used 83966K [0x00000000bce00000, 0x00000000c2000000, 0x00000000c2000000)
  object space 83968K, 99% used [0x00000000bce00000,0x00000000c1fff810,0x00000000c2000000)
}
Event: 1754.438 GC heap before
{Heap before GC invocations=64 (full 26):
 PSYoungGen      total 51968K, used 32K [0x00000000eb560000, 0x00000000eedc0000, 0x0000000100000000)
  eden space 46848K, 0% used [0x00000000eb560000,0x00000000eb560000,0x00000000ee320000)
  from space 5120K, 0% used [0x00000000ee8c0000,0x00000000ee8c8000,0x00000000eedc0000)
  to   space 5440K, 0% used [0x00000000ee320000,0x00000000ee320000,0x00000000ee870000)
 ParOldGen       total 677248K, used 15352K [0x00000000c2000000, 0x00000000eb560000, 0x00000000eb560000)
  object space 677248K, 2% used [0x00000000c2000000,0x00000000c2efe360,0x00000000eb560000)
 PSPermGen       total 83968K, used 83966K [0x00000000bce00000, 0x00000000c2000000, 0x00000000c2000000)
  object space 83968K, 99% used [0x00000000bce00000,0x00000000c1fff810,0x00000000c2000000)
Event: 1754.525 GC heap after
Heap after GC invocations=64 (full 26):
 PSYoungGen      total 51968K, used 0K [0x00000000eb560000, 0x00000000eedc0000, 0x0000000100000000)
  eden space 46848K, 0% used [0x00000000eb560000,0x00000000eb560000,0x00000000ee320000)
  from space 5120K, 0% used [0x00000000ee8c0000,0x00000000ee8c0000,0x00000000eedc0000)
  to   space 5440K, 0% used [0x00000000ee320000,0x00000000ee320000,0x00000000ee870000)
 ParOldGen       total 677248K, used 15333K [0x00000000c2000000, 0x00000000eb560000, 0x00000000eb560000)
  object space 677248K, 2% used [0x00000000c2000000,0x00000000c2ef9538,0x00000000eb560000)
 PSPermGen       total 83968K, used 83965K [0x00000000bce00000, 0x00000000c2000000, 0x00000000c2000000)
  object space 83968K, 99% used [0x00000000bce00000,0x00000000c1fff7f0,0x00000000c2000000)
}
Event: 1754.525 GC heap before
{Heap before GC invocations=65 (full 26):
 PSYoungGen      total 51968K, used 0K [0x00000000eb560000, 0x00000000eedc0000, 0x0000000100000000)
  eden space 46848K, 0% used [0x00000000eb560000,0x00000000eb560000,0x00000000ee320000)
  from space 5120K, 0% used [0x00000000ee8c0000,0x00000000ee8c0000,0x00000000eedc0000)
  to   space 5440K, 0% used [0x00000000ee320000,0x00000000ee320000,0x00000000ee870000)
 ParOldGen       total 677248K, used 15333K [0x00000000c2000000, 0x00000000eb560000, 0x00000000eb560000)
  object space 677248K, 2% used [0x00000000c2000000,0x00000000c2ef9538,0x00000000eb560000)
 PSPermGen       total 83968K, used 83965K [0x00000000bce00000, 0x00000000c2000000, 0x00000000c2000000)
  object space 83968K, 99% used [0x00000000bce00000,0x00000000c1fff7f0,0x00000000c2000000)
Event: 1754.526 GC heap after
Heap after GC invocations=65 (full 26):
 PSYoungGen      total 46912K, used 0K [0x00000000eb560000, 0x00000000eed40000, 0x0000000100000000)
  eden space 46848K, 0% used [0x00000000eb560000,0x00000000eb560000,0x00000000ee320000)
  from space 64K, 0% used [0x00000000ee320000,0x00000000ee320000,0x00000000ee330000)
  to   space 5056K, 0% used [0x00000000ee850000,0x00000000ee850000,0x00000000eed40000)
 ParOldGen       total 677248K, used 15333K [0x00000000c2000000, 0x00000000eb560000, 0x00000000eb560000)
  object space 677248K, 2% used [0x00000000c2000000,0x00000000c2ef9538,0x00000000eb560000)
 PSPermGen       total 83968K, used 83965K [0x00000000bce00000, 0x00000000c2000000, 0x00000000c2000000)
  object space 83968K, 99% used [0x00000000bce00000,0x00000000c1fff7f0,0x00000000c2000000)
}
Event: 1754.526 GC heap before
{Heap before GC invocations=66 (full 27):
 PSYoungGen      total 46912K, used 0K [0x00000000eb560000, 0x00000000eed40000, 0x0000000100000000)
  eden space 46848K, 0% used [0x00000000eb560000,0x00000000eb560000,0x00000000ee320000)
  from space 64K, 0% used [0x00000000ee320000,0x00000000ee320000,0x00000000ee330000)
  to   space 5056K, 0% used [0x00000000ee850000,0x00000000ee850000,0x00000000eed40000)
 ParOldGen       total 677248K, used 15333K [0x00000000c2000000, 0x00000000eb560000, 0x00000000eb560000)
  object space 677248K, 2% used [0x00000000c2000000,0x00000000c2ef9538,0x00000000eb560000)
 PSPermGen       total 83968K, used 83965K [0x00000000bce00000, 0x00000000c2000000, 0x00000000c2000000)
  object space 83968K, 99% used [0x00000000bce00000,0x00000000c1fff7f0,0x00000000c2000000)
Event: 1754.631 GC heap after
Heap after GC invocations=66 (full 27):
 PSYoungGen      total 46912K, used 0K [0x00000000eb560000, 0x00000000eed40000, 0x0000000100000000)
  eden space 46848K, 0% used [0x00000000eb560000,0x00000000eb560000,0x00000000ee320000)
  from space 64K, 0% used [0x00000000ee320000,0x00000000ee320000,0x00000000ee330000)
  to   space 5056K, 0% used [0x00000000ee850000,0x00000000ee850000,0x00000000eed40000)
 ParOldGen       total 677248K, used 15333K [0x00000000c2000000, 0x00000000eb560000, 0x00000000eb560000)
  object space 677248K, 2% used [0x00000000c2000000,0x00000000c2ef9538,0x00000000eb560000)
 PSPermGen       total 83968K, used 83965K [0x00000000bce00000, 0x00000000c2000000, 0x00000000c2000000)
  object space 83968K, 99% used [0x00000000bce00000,0x00000000c1fff7f0,0x00000000c2000000)
}

